#! /c/Source/iverilog-install/bin/vvp
:ivl_version "12.0 (devel)" "(s20150603-1539-g2693dd32b)";
:ivl_delay_selection "TYPICAL";
:vpi_time_precision + 0;
:vpi_module "C:\iverilog\lib\ivl\system.vpi";
:vpi_module "C:\iverilog\lib\ivl\vhdl_sys.vpi";
:vpi_module "C:\iverilog\lib\ivl\vhdl_textio.vpi";
:vpi_module "C:\iverilog\lib\ivl\v2005_math.vpi";
:vpi_module "C:\iverilog\lib\ivl\va_math.vpi";
S_000001fdb8082940 .scope module, "Branch" "Branch" 2 1;
 .timescale 0 0;
    .port_info 0 /INPUT 32 "BRregister1";
    .port_info 1 /INPUT 32 "BRregister2";
    .port_info 2 /INPUT 5 "BRopcode";
    .port_info 3 /OUTPUT 1 "branch_next";
o000001fdb80b7fd8 .functor BUFZ 5, C4<zzzzz>; HiZ drive
v000001fdb8082ad0_0 .net "BRopcode", 4 0, o000001fdb80b7fd8;  0 drivers
o000001fdb80b8008 .functor BUFZ 32, C4<zzzzzzzzzzzzzzzzzzzzzzzzzzzzzzzz>; HiZ drive
v000001fdb8082b70_0 .net "BRregister1", 31 0, o000001fdb80b8008;  0 drivers
o000001fdb80b8038 .functor BUFZ 32, C4<zzzzzzzzzzzzzzzzzzzzzzzzzzzzzzzz>; HiZ drive
v000001fdb8082c10_0 .net "BRregister2", 31 0, o000001fdb80b8038;  0 drivers
v000001fdb806b810_0 .var "branch_next", 0 0;
E_000001fdb806c380 .event anyedge, v000001fdb8082ad0_0, v000001fdb8082b70_0, v000001fdb8082c10_0;
    .scope S_000001fdb8082940;
T_0 ;
    %wait E_000001fdb806c380;
    %load/vec4 v000001fdb8082ad0_0;
    %dup/vec4;
    %pushi/vec4 0, 0, 5;
    %cmp/u;
    %jmp/1 T_0.0, 6;
    %dup/vec4;
    %pushi/vec4 1, 0, 5;
    %cmp/u;
    %jmp/1 T_0.1, 6;
    %dup/vec4;
    %pushi/vec4 4, 0, 5;
    %cmp/u;
    %jmp/1 T_0.2, 6;
    %dup/vec4;
    %pushi/vec4 5, 0, 5;
    %cmp/u;
    %jmp/1 T_0.3, 6;
    %dup/vec4;
    %pushi/vec4 6, 0, 5;
    %cmp/u;
    %jmp/1 T_0.4, 6;
    %dup/vec4;
    %pushi/vec4 7, 0, 5;
    %cmp/u;
    %jmp/1 T_0.5, 6;
    %pushi/vec4 0, 0, 1;
    %store/vec4 v000001fdb806b810_0, 0, 1;
    %jmp T_0.7;
T_0.0 ;
    %load/vec4 v000001fdb8082b70_0;
    %load/vec4 v000001fdb8082c10_0;
    %cmp/e;
    %jmp/0xz  T_0.8, 4;
    %pushi/vec4 1, 0, 1;
    %store/vec4 v000001fdb806b810_0, 0, 1;
T_0.8 ;
    %jmp T_0.7;
T_0.1 ;
    %load/vec4 v000001fdb8082b70_0;
    %load/vec4 v000001fdb8082c10_0;
    %cmp/ne;
    %jmp/0xz  T_0.10, 4;
    %pushi/vec4 1, 0, 1;
    %store/vec4 v000001fdb806b810_0, 0, 1;
T_0.10 ;
    %jmp T_0.7;
T_0.2 ;
    %load/vec4 v000001fdb8082b70_0;
    %load/vec4 v000001fdb8082c10_0;
    %cmp/u;
    %jmp/0xz  T_0.12, 5;
    %pushi/vec4 1, 0, 1;
    %store/vec4 v000001fdb806b810_0, 0, 1;
T_0.12 ;
    %jmp T_0.7;
T_0.3 ;
    %load/vec4 v000001fdb8082c10_0;
    %load/vec4 v000001fdb8082b70_0;
    %cmp/u;
    %flag_or 5, 4;
    %jmp/0xz  T_0.14, 5;
    %pushi/vec4 1, 0, 1;
    %store/vec4 v000001fdb806b810_0, 0, 1;
T_0.14 ;
    %jmp T_0.7;
T_0.4 ;
    %load/vec4 v000001fdb8082b70_0;
    %load/vec4 v000001fdb8082c10_0;
    %cmp/u;
    %jmp/0xz  T_0.16, 5;
    %pushi/vec4 1, 0, 1;
    %store/vec4 v000001fdb806b810_0, 0, 1;
T_0.16 ;
    %jmp T_0.7;
T_0.5 ;
    %load/vec4 v000001fdb8082c10_0;
    %load/vec4 v000001fdb8082b70_0;
    %cmp/u;
    %flag_or 5, 4;
    %jmp/0xz  T_0.18, 5;
    %pushi/vec4 1, 0, 1;
    %store/vec4 v000001fdb806b810_0, 0, 1;
T_0.18 ;
    %jmp T_0.7;
T_0.7 ;
    %pop/vec4 1;
    %jmp T_0;
    .thread T_0, $push;
# The file index is used to find the file name in the following table.
:file_names 3;
    "N/A";
    "<interactive>";
    "Branch.v";
