#! /c/Source/iverilog-install/bin/vvp
:ivl_version "12.0 (devel)" "(s20150603-1539-g2693dd32b)";
:ivl_delay_selection "TYPICAL";
:vpi_time_precision + 0;
:vpi_module "C:\iverilog\lib\ivl\system.vpi";
:vpi_module "C:\iverilog\lib\ivl\vhdl_sys.vpi";
:vpi_module "C:\iverilog\lib\ivl\vhdl_textio.vpi";
:vpi_module "C:\iverilog\lib\ivl\v2005_math.vpi";
:vpi_module "C:\iverilog\lib\ivl\va_math.vpi";
S_000001c3d2eb4810 .scope module, "register_file" "register_file" 2 2;
 .timescale 0 0;
    .port_info 0 /INPUT 5 "RFregister1";
    .port_info 1 /INPUT 5 "RFregister2";
    .port_info 2 /INPUT 5 "RFdestination_register";
    .port_info 3 /INPUT 32 "RFwrite_data";
    .port_info 4 /INPUT 1 "RFwenable";
    .port_info 5 /INPUT 1 "clk";
    .port_info 6 /OUTPUT 32 "RFdata1";
    .port_info 7 /OUTPUT 32 "RFdata2";
L_000001c3d2e79f50 .functor BUFZ 32, L_000001c3d2f0a790, C4<00000000000000000000000000000000>, C4<00000000000000000000000000000000>, C4<00000000000000000000000000000000>;
L_000001c3d2e93370 .functor BUFZ 32, L_000001c3d2f09ed0, C4<00000000000000000000000000000000>, C4<00000000000000000000000000000000>, C4<00000000000000000000000000000000>;
v000001c3d2e79eb0_0 .net "RFdata1", 31 0, L_000001c3d2e79f50;  1 drivers
v000001c3d2e92c30_0 .net "RFdata2", 31 0, L_000001c3d2e93370;  1 drivers
o000001c3d2ec7038 .functor BUFZ 5, C4<zzzzz>; HiZ drive
v000001c3d2ec4570_0 .net "RFdestination_register", 4 0, o000001c3d2ec7038;  0 drivers
o000001c3d2ec7068 .functor BUFZ 5, C4<zzzzz>; HiZ drive
v000001c3d2ec4610_0 .net "RFregister1", 4 0, o000001c3d2ec7068;  0 drivers
o000001c3d2ec7098 .functor BUFZ 5, C4<zzzzz>; HiZ drive
v000001c3d2ec46b0_0 .net "RFregister2", 4 0, o000001c3d2ec7098;  0 drivers
v000001c3d2ec4750 .array "RFregisters", 0 31, 31 0;
o000001c3d2ec70c8 .functor BUFZ 1, C4<z>; HiZ drive
v000001c3d2eb4b70_0 .net "RFwenable", 0 0, o000001c3d2ec70c8;  0 drivers
o000001c3d2ec70f8 .functor BUFZ 32, C4<zzzzzzzzzzzzzzzzzzzzzzzzzzzzzzzz>; HiZ drive
v000001c3d2eb4c10_0 .net "RFwrite_data", 31 0, o000001c3d2ec70f8;  0 drivers
v000001c3d2eb4cb0_0 .net *"_ivl_0", 31 0, L_000001c3d2f0a790;  1 drivers
v000001c3d2eb4de0_0 .net *"_ivl_10", 6 0, L_000001c3d2f0a1f0;  1 drivers
L_000001c3d2f0b0b0 .functor BUFT 1, C4<00>, C4<0>, C4<0>, C4<0>;
v000001c3d2eb4e80_0 .net *"_ivl_13", 1 0, L_000001c3d2f0b0b0;  1 drivers
v000001c3d2eb4f20_0 .net *"_ivl_2", 6 0, L_000001c3d2f099d0;  1 drivers
L_000001c3d2f0b068 .functor BUFT 1, C4<00>, C4<0>, C4<0>, C4<0>;
v000001c3d2f09e30_0 .net *"_ivl_5", 1 0, L_000001c3d2f0b068;  1 drivers
v000001c3d2f0a650_0 .net *"_ivl_8", 31 0, L_000001c3d2f09ed0;  1 drivers
o000001c3d2ec7248 .functor BUFZ 1, C4<z>; HiZ drive
v000001c3d2f09b10_0 .net "clk", 0 0, o000001c3d2ec7248;  0 drivers
E_000001c3d2ec6990 .event negedge, v000001c3d2f09b10_0;
L_000001c3d2f0a790 .array/port v000001c3d2ec4750, L_000001c3d2f099d0;
L_000001c3d2f099d0 .concat [ 5 2 0 0], o000001c3d2ec7068, L_000001c3d2f0b068;
L_000001c3d2f09ed0 .array/port v000001c3d2ec4750, L_000001c3d2f0a1f0;
L_000001c3d2f0a1f0 .concat [ 5 2 0 0], o000001c3d2ec7098, L_000001c3d2f0b0b0;
    .scope S_000001c3d2eb4810;
T_0 ;
    %vpi_call 2 17 "$readmemb", "registers.txt", v000001c3d2ec4750 {0 0 0};
    %end;
    .thread T_0;
    .scope S_000001c3d2eb4810;
T_1 ;
    %wait E_000001c3d2ec6990;
    %load/vec4 v000001c3d2eb4b70_0;
    %flag_set/vec4 8;
    %jmp/0xz  T_1.0, 8;
    %load/vec4 v000001c3d2ec4570_0;
    %cmpi/u 0, 0, 5;
    %flag_or 5, 4; GT is !LE
    %flag_inv 5;
    %jmp/0xz  T_1.2, 5;
    %load/vec4 v000001c3d2eb4c10_0;
    %load/vec4 v000001c3d2ec4570_0;
    %pad/u 7;
    %ix/vec4 3;
    %ix/load 4, 0, 0; Constant delay
    %assign/vec4/a/d v000001c3d2ec4750, 0, 4;
    %vpi_call 2 24 "$display", "Registro[%d] actualizado con valor %d", v000001c3d2ec4570_0, v000001c3d2eb4c10_0 {0 0 0};
T_1.2 ;
T_1.0 ;
    %jmp T_1;
    .thread T_1;
# The file index is used to find the file name in the following table.
:file_names 3;
    "N/A";
    "<interactive>";
    "register_file.v";
